<?xml version="1.0" encoding="UTF-8"?>
<!-- Generated by org.testng.reporters.JUnitReportReporter -->
<testsuite hostname="DESKTOP-784PLTB" failures="0" tests="1" name="testNgTestCases.EditLead" time="20.429" errors="0" timestamp="2020-12-08T21:56:51 EST" skipped="0">
  <testcase classname="testNgTestCases.EditLead" name="editLead" time="20.429"/>
</testsuite> <!-- testNgTestCases.EditLead -->
