<?xml version="1.0" encoding="UTF-8"?>
<!-- Generated by org.testng.reporters.JUnitReportReporter -->
<testsuite hostname="DESKTOP-784PLTB" failures="0" tests="1" name="startingPointOfFramework.TC001_Login" time="21.514" errors="0" timestamp="2021-01-07T23:58:51 EST" skipped="0">
  <testcase classname="startingPointOfFramework.TC001_Login" name="login" time="21.514"/>
</testsuite> <!-- startingPointOfFramework.TC001_Login -->
