<?xml version="1.0" encoding="UTF-8"?>
<!-- Generated by org.testng.reporters.JUnitReportReporter -->
<testsuite hostname="DESKTOP-784PLTB" failures="0" tests="1" name="learnTeasNG.EditLead" time="21.229" errors="0" timestamp="2020-12-08T00:19:55 EST" skipped="0">
  <testcase classname="learnTeasNG.EditLead" name="editLead" time="21.229"/>
</testsuite> <!-- learnTeasNG.EditLead -->
