<?xml version="1.0" encoding="UTF-8"?>
<!-- Generated by org.testng.reporters.JUnitReportReporter -->
<testsuite hostname="DESKTOP-784PLTB" failures="0" tests="1" name="learnTstNg2.CreatLead" time="20.045" errors="0" timestamp="2020-12-25T21:50:11 EST" skipped="0">
  <testcase classname="learnTstNg2.CreatLead" name="creatLead" time="20.045"/>
</testsuite> <!-- learnTstNg2.CreatLead -->
