<?xml version="1.0" encoding="UTF-8"?>
<!-- Generated by org.testng.reporters.JUnitReportReporter -->
<testsuite hostname="DESKTOP-784PLTB" failures="0" tests="1" name="testNgTestCases.CreateLead" time="17.308" errors="0" timestamp="2020-12-08T21:56:51 EST" skipped="0">
  <testcase classname="testNgTestCases.CreateLead" name="creatalead" time="17.308"/>
</testsuite> <!-- testNgTestCases.CreateLead -->
