<?xml version="1.0" encoding="UTF-8"?>
<!-- Generated by org.testng.reporters.JUnitReportReporter -->
<testsuite hostname="DESKTOP-784PLTB" failures="0" tests="1" name="learnTstNg2.MergeLead" time="28.180" errors="0" timestamp="2020-12-09T00:21:48 EST" skipped="0">
  <testcase classname="learnTstNg2.MergeLead" name="meargeLead" time="28.180"/>
</testsuite> <!-- learnTstNg2.MergeLead -->
