<?xml version="1.0" encoding="UTF-8"?>
<!-- Generated by org.testng.reporters.JUnitReportReporter -->
<testsuite hostname="DESKTOP-784PLTB" failures="0" tests="3" name="learnTeasNG.TeastNgAnnotations" time="0.017" errors="0" timestamp="2020-12-03T21:22:00 EST" skipped="0">
  <testcase classname="learnTeasNG.TeastNgAnnotations" name="test0" time="0.008"/>
  <testcase classname="learnTeasNG.TeastNgAnnotations" name="test1" time="0.007"/>
  <testcase classname="learnTeasNG.TeastNgAnnotations" name="test2" time="0.002"/>
</testsuite> <!-- learnTeasNG.TeastNgAnnotations -->
