<?xml version="1.0" encoding="UTF-8"?>
<!-- Generated by org.testng.reporters.JUnitReportReporter -->
<testsuite hostname="DESKTOP-784PLTB" failures="0" tests="1" name="learnTeasNG.DeleteLead" time="23.022" errors="0" timestamp="2020-12-08T00:12:44 EST" skipped="0">
  <testcase classname="learnTeasNG.DeleteLead" name="deleteLead" time="23.022"/>
</testsuite> <!-- learnTeasNG.DeleteLead -->
