<?xml version="1.0" encoding="UTF-8"?>
<!-- Generated by org.testng.reporters.JUnitReportReporter -->
<testsuite hostname="DESKTOP-784PLTB" failures="0" tests="2" name="learnTeasNG.TestNgPriority" time="33.645" errors="0" timestamp="2020-12-05T14:54:43 EST" skipped="0">
  <testcase classname="learnTeasNG.TestNgPriority" name="deleteLead" time="18.132"/>
  <testcase classname="learnTeasNG.TestNgPriority" name="createLead" time="15.513"/>
</testsuite> <!-- learnTeasNG.TestNgPriority -->
