<?xml version="1.0" encoding="UTF-8"?>
<!-- Generated by org.testng.reporters.JUnitReportReporter -->
<testsuite hostname="DESKTOP-784PLTB" failures="0" tests="1" name="seleniumDemo.BrowserTest" time="6.716" errors="0" timestamp="2021-01-13T15:39:32 EST" skipped="0">
  <testcase classname="seleniumDemo.BrowserTest" name="browserTest" time="6.716"/>
</testsuite> <!-- seleniumDemo.BrowserTest -->
